[0901/232349.315:ERROR:process_memory_win.cc(73)] ReadMemory at 0x7ff7a00b0000 of 64 bytes failed: Only part of a ReadProcessMemory or WriteProcessMemory request was completed. (0x12B)
[0901/232349.315:WARNING:pe_image_reader.cc(340)] could not read dos header from C:\Program Files (x86)\Google\Chrome\Application\chrome.exe
[0901/232349.315:ERROR:process_memory_win.cc(73)] ReadMemory at 0x7ffe5db60000 of 64 bytes failed: Only part of a ReadProcessMemory or WriteProcessMemory request was completed. (0x12B)
[0901/232349.315:WARNING:pe_image_reader.cc(340)] could not read dos header from C:\WINDOWS\SYSTEM32\ntdll.dll
[0901/232349.315:ERROR:process_memory_win.cc(73)] ReadMemory at 0x7ffe5c160000 of 64 bytes failed: Only part of a ReadProcessMemory or WriteProcessMemory request was completed. (0x12B)
[0901/232349.319:WARNING:pe_image_reader.cc(340)] could not read dos header from C:\WINDOWS\System32\KERNEL32.DLL
[0901/232349.319:ERROR:process_memory_win.cc(73)] ReadMemory at 0x7ffe5b5e0000 of 64 bytes failed: Only part of a ReadProcessMemory or WriteProcessMemory request was completed. (0x12B)
[0901/232349.319:WARNING:pe_image_reader.cc(340)] could not read dos header from C:\WINDOWS\System32\KERNELBASE.dll
[0901/232349.319:ERROR:process_memory_win.cc(73)] ReadMemory at 0x7ffe09380000 of 64 bytes failed: Only part of a ReadProcessMemory or WriteProcessMemory request was completed. (0x12B)
[0901/232349.319:WARNING:pe_image_reader.cc(340)] could not read dos header from C:\Program Files (x86)\Google\Chrome\Application\84.0.4147.135\chrome_elf.dll
[0901/232349.319:ERROR:process_memory_win.cc(73)] ReadMemory at 0x7ffe57f20000 of 64 bytes failed: Only part of a ReadProcessMemory or WriteProcessMemory request was completed. (0x12B)
[0901/232349.319:WARNING:pe_image_reader.cc(340)] could not read dos header from C:\WINDOWS\SYSTEM32\VERSION.dll
[0901/232349.319:ERROR:process_memory_win.cc(73)] ReadMemory at 0x7ffe5d580000 of 64 bytes failed: Only part of a ReadProcessMemory or WriteProcessMemory request was completed. (0x12B)
[0901/232349.319:WARNING:pe_image_reader.cc(340)] could not read dos header from C:\WINDOWS\System32\msvcrt.dll
[0901/232349.319:ERROR:process_memory_win.cc(73)] ReadMemory at 0x7ffe5b2c0000 of 64 bytes failed: Only part of a ReadProcessMemory or WriteProcessMemory request was completed. (0x12B)
[0901/232349.319:WARNING:pe_image_reader.cc(340)] could not read dos header from C:\WINDOWS\System32\bcryptPrimitives.dll
[0901/232349.319:ERROR:process_memory_win.cc(73)] ReadMemory at 0x7ffe5d4d0000 of 64 bytes failed: Only part of a ReadProcessMemory or WriteProcessMemory request was completed. (0x12B)
[0901/232349.319:WARNING:pe_image_reader.cc(340)] could not read dos header from C:\WINDOWS\System32\ADVAPI32.dll
[0901/232349.319:ERROR:process_memory_win.cc(73)] ReadMemory at 0x7ffe5d950000 of 64 bytes failed: Only part of a ReadProcessMemory or WriteProcessMemory request was completed. (0x12B)
[0901/232349.319:WARNING:pe_image_reader.cc(340)] could not read dos header from C:\WINDOWS\System32\sechost.dll
[0901/232349.319:ERROR:process_memory_win.cc(73)] ReadMemory at 0x7ffe5d830000 of 64 bytes failed: Only part of a ReadProcessMemory or WriteProcessMemory request was completed. (0x12B)
[0901/232349.319:WARNING:pe_image_reader.cc(340)] could not read dos header from C:\WINDOWS\System32\RPCRT4.dll
[0901/232349.319:ERROR:process_memory_win.cc(73)] ReadMemory at 0x7ffe0a300000 of 64 bytes failed: Only part of a ReadProcessMemory or WriteProcessMemory request was completed. (0x12B)
[0901/232349.319:WARNING:pe_image_reader.cc(340)] could not read dos header from C:\Program Files (x86)\Google\Chrome\Application\84.0.4147.135\chrome.dll
[0901/232349.319:ERROR:process_memory_win.cc(73)] ReadMemory at 0x7ffe5d3b0000 of 64 bytes failed: Only part of a ReadProcessMemory or WriteProcessMemory request was completed. (0x12B)
[0901/232349.319:WARNING:pe_image_reader.cc(340)] could not read dos header from C:\WINDOWS\System32\WS2_32.dll
[0901/232349.319:ERROR:process_memory_win.cc(73)] ReadMemory at 0x7ffe5bce0000 of 64 bytes failed: Only part of a ReadProcessMemory or WriteProcessMemory request was completed. (0x12B)
[0901/232349.319:WARNING:pe_image_reader.cc(340)] could not read dos header from C:\WINDOWS\System32\OLEAUT32.dll
[0901/232349.319:ERROR:process_memory_win.cc(73)] ReadMemory at 0x7ffe5ba70000 of 64 bytes failed: Only part of a ReadProcessMemory or WriteProcessMemory request was completed. (0x12B)
[0901/232349.319:WARNING:pe_image_reader.cc(340)] could not read dos header from C:\WINDOWS\System32\msvcp_win.dll
[0901/232349.319:ERROR:process_memory_win.cc(73)] ReadMemory at 0x7ffe5b4e0000 of 64 bytes failed: Only part of a ReadProcessMemory or WriteProcessMemory request was completed. (0x12B)
[0901/232349.319:WARNING:pe_image_reader.cc(340)] could not read dos header from C:\WINDOWS\System32\ucrtbase.dll
[0901/232349.319:ERROR:process_memory_win.cc(73)] ReadMemory at 0x7ffe5cee0000 of 64 bytes failed: Only part of a ReadProcessMemory or WriteProcessMemory request was completed. (0x12B)
[0901/232349.319:WARNING:pe_image_reader.cc(340)] could not read dos header from C:\WINDOWS\System32\combase.dll
[0901/232349.319:ERROR:process_memory_win.cc(73)] ReadMemory at 0x7ffe5ba10000 of 64 bytes failed: Only part of a ReadProcessMemory or WriteProcessMemory request was completed. (0x12B)
[0901/232349.319:WARNING:pe_image_reader.cc(340)] could not read dos header from C:\WINDOWS\System32\WINTRUST.dll
[0901/232349.319:ERROR:process_memory_win.cc(73)] ReadMemory at 0x7ffe5aac0000 of 64 bytes failed: Only part of a ReadProcessMemory or WriteProcessMemory request was completed. (0x12B)
[0901/232349.319:WARNING:pe_image_reader.cc(340)] could not read dos header from C:\WINDOWS\System32\MSASN1.dll
[0901/232349.319:ERROR:process_memory_win.cc(73)] ReadMemory at 0x7ffe5b890000 of 64 bytes failed: Only part of a ReadProcessMemory or WriteProcessMemory request was completed. (0x12B)
[0901/232349.319:WARNING:pe_image_reader.cc(340)] could not read dos header from C:\WINDOWS\System32\CRYPT32.dll
[0901/232349.319:ERROR:process_memory_win.cc(73)] ReadMemory at 0x7ffe59900000 of 64 bytes failed: Only part of a ReadProcessMemory or WriteProcessMemory request was completed. (0x12B)
[0901/232349.319:WARNING:pe_image_reader.cc(340)] could not read dos header from C:\WINDOWS\SYSTEM32\IPHLPAPI.DLL
[0901/232349.319:ERROR:process_memory_win.cc(73)] ReadMemory at 0x7ffe55f50000 of 64 bytes failed: Only part of a ReadProcessMemory or WriteProcessMemory request was completed. (0x12B)
[0901/232349.319:WARNING:pe_image_reader.cc(340)] could not read dos header from C:\WINDOWS\SYSTEM32\WINMM.dll
[0901/232349.319:ERROR:process_memory_win.cc(73)] ReadMemory at 0x7ffe57f30000 of 64 bytes failed: Only part of a ReadProcessMemory or WriteProcessMemory request was completed. (0x12B)
[0901/232349.319:WARNING:pe_image_reader.cc(340)] could not read dos header from C:\WINDOWS\SYSTEM32\Secur32.dll
[0901/232349.319:ERROR:process_memory_win.cc(73)] ReadMemory at 0x7ffe5a900000 of 64 bytes failed: Only part of a ReadProcessMemory or WriteProcessMemory request was completed. (0x12B)
[0901/232349.319:WARNING:pe_image_reader.cc(340)] could not read dos header from C:\WINDOWS\SYSTEM32\USERENV.dll
[0901/232349.319:ERROR:process_memory_win.cc(73)] ReadMemory at 0x7ffe5aa90000 of 64 bytes failed: Only part of a ReadProcessMemory or WriteProcessMemory request was completed. (0x12B)
[0901/232349.319:WARNING:pe_image_reader.cc(340)] could not read dos header from C:\WINDOWS\System32\profapi.dll
[0901/232349.319:ERROR:process_memory_win.cc(73)] ReadMemory at 0x7ffe2f590000 of 64 bytes failed: Only part of a ReadProcessMemory or WriteProcessMemory request was completed. (0x12B)
[0901/232349.319:WARNING:pe_image_reader.cc(340)] could not read dos header from C:\WINDOWS\SYSTEM32\UIAutomationCore.DLL
[0901/232349.319:ERROR:process_memory_win.cc(73)] ReadMemory at 0x7ffe495f0000 of 64 bytes failed: Only part of a ReadProcessMemory or WriteProcessMemory request was completed. (0x12B)
[0901/232349.319:WARNING:pe_image_reader.cc(340)] could not read dos header from C:\WINDOWS\SYSTEM32\DWrite.dll
[0901/232349.319:ERROR:process_memory_win.cc(73)] ReadMemory at 0x7ffe37550000 of 64 bytes failed: Only part of a ReadProcessMemory or WriteProcessMemory request was completed. (0x12B)
[0901/232349.319:WARNING:pe_image_reader.cc(340)] could not read dos header from C:\WINDOWS\SYSTEM32\WINSPOOL.DRV
[0901/232349.319:ERROR:process_memory_win.cc(73)] ReadMemory at 0x7ffe5aa70000 of 64 bytes failed: Only part of a ReadProcessMemory or WriteProcessMemory request was completed. (0x12B)
[0901/232349.319:WARNING:pe_image_reader.cc(340)] could not read dos header from C:\WINDOWS\System32\kernel.appcore.dll
[0901/232349.319:ERROR:process_memory_win.cc(73)] ReadMemory at 0x7ffe5b9e0000 of 64 bytes failed: Only part of a ReadProcessMemory or WriteProcessMemory request was completed. (0x12B)
[0901/232349.319:WARNING:pe_image_reader.cc(340)] could not read dos header from C:\WINDOWS\System32\bcrypt.dll
[0901/232349.319:ERROR:process_memory_win.cc(73)] ReadMemory at 0x7ffe5a530000 of 64 bytes failed: Only part of a ReadProcessMemory or WriteProcessMemory request was completed. (0x12B)
[0901/232349.319:WARNING:pe_image_reader.cc(340)] could not read dos header from C:\WINDOWS\SYSTEM32\dbghelp.dll
[0901/232349.319:ERROR:process_memory_win.cc(73)] ReadMemory at 0x7ffe57680000 of 64 bytes failed: Only part of a ReadProcessMemory or WriteProcessMemory request was completed. (0x12B)
[0901/232349.319:WARNING:pe_image_reader.cc(340)] could not read dos header from C:\WINDOWS\SYSTEM32\WINHTTP.dll
[0901/232349.319:ERROR:process_memory_win.cc(73)] ReadMemory at 0x7ffe4a7a0000 of 64 bytes failed: Only part of a ReadProcessMemory or WriteProcessMemory request was completed. (0x12B)
[0901/232349.319:WARNING:pe_image_reader.cc(340)] could not read dos header from C:\WINDOWS\SYSTEM32\dhcpcsvc.DLL
[0901/232349.319:ERROR:process_memory_win.cc(73)] ReadMemory at 0x7ffe5cdf0000 of 64 bytes failed: Only part of a ReadProcessMemory or WriteProcessMemory request was completed. (0x12B)
[0901/232349.319:WARNING:pe_image_reader.cc(340)] could not read dos header from C:\WINDOWS\System32\NSI.dll
[0901/232349.319:ERROR:process_memory_win.cc(73)] ReadMemory at 0x7ffe55f20000 of 64 bytes failed: Only part of a ReadProcessMemory or WriteProcessMemory request was completed. (0x12B)
[0901/232349.319:WARNING:pe_image_reader.cc(340)] could not read dos header from C:\WINDOWS\SYSTEM32\WINMMBASE.dll
[0901/232349.319:ERROR:process_memory_win.cc(73)] ReadMemory at 0x7ffe5b270000 of 64 bytes failed: Only part of a ReadProcessMemory or WriteProcessMemory request was completed. (0x12B)
[0901/232349.319:WARNING:pe_image_reader.cc(340)] could not read dos header from C:\WINDOWS\System32\cfgmgr32.dll
[0901/232349.319:ERROR:process_memory_win.cc(73)] ReadMemory at 0x7ffe55aa0000 of 64 bytes failed: Only part of a ReadProcessMemory or WriteProcessMemory request was completed. (0x12B)
[0901/232349.319:WARNING:pe_image_reader.cc(340)] could not read dos header from C:\WINDOWS\SYSTEM32\PROPSYS.dll
[0901/232349.319:ERROR:process_memory_win.cc(73)] ReadMemory at 0x7ffe5d420000 of 64 bytes failed: Only part of a ReadProcessMemory or WriteProcessMemory request was completed. (0x12B)
[0901/232349.319:WARNING:pe_image_reader.cc(340)] could not read dos header from C:\WINDOWS\System32\shcore.dll
[0901/232349.319:ERROR:process_memory_win.cc(73)] ReadMemory at 0x7ffe5a930000 of 64 bytes failed: Only part of a ReadProcessMemory or WriteProcessMemory request was completed. (0x12B)
[0901/232349.319:WARNING:pe_image_reader.cc(340)] could not read dos header from C:\WINDOWS\SYSTEM32\SSPICLI.DLL
[0901/232349.319:ERROR:process_memory_win.cc(73)] ReadMemory at 0x7ffe5c290000 of 64 bytes failed: Only part of a ReadProcessMemory or WriteProcessMemory request was completed. (0x12B)
[0901/232349.319:WARNING:pe_image_reader.cc(340)] could not read dos header from C:\WINDOWS\System32\SHELL32.dll
[0901/232349.319:ERROR:process_memory_win.cc(73)] ReadMemory at 0x7ffe5aae0000 of 64 bytes failed: Only part of a ReadProcessMemory or WriteProcessMemory request was completed. (0x12B)
[0901/232349.319:WARNING:pe_image_reader.cc(340)] could not read dos header from C:\WINDOWS\System32\windows.storage.dll
[0901/232349.319:ERROR:process_memory_win.cc(73)] ReadMemory at 0x7ffe5aa20000 of 64 bytes failed: Only part of a ReadProcessMemory or WriteProcessMemory request was completed. (0x12B)
[0901/232349.319:WARNING:pe_image_reader.cc(340)] could not read dos header from C:\WINDOWS\System32\powrprof.dll
[0901/232349.319:ERROR:process_memory_win.cc(73)] ReadMemory at 0x7ffe5aa10000 of 64 bytes failed: Only part of a ReadProcessMemory or WriteProcessMemory request was completed. (0x12B)
[0901/232349.319:WARNING:pe_image_reader.cc(340)] could not read dos header from C:\WINDOWS\System32\UMPDC.dll
[0901/232349.319:ERROR:process_memory_win.cc(73)] ReadMemory at 0x7ffe5daa0000 of 64 bytes failed: Only part of a ReadProcessMemory or WriteProcessMemory request was completed. (0x12B)
[0901/232349.319:WARNING:pe_image_reader.cc(340)] could not read dos header from C:\WINDOWS\System32\shlwapi.dll
[0901/232349.319:ERROR:process_memory_win.cc(73)] ReadMemory at 0x7ffe5d9f0000 of 64 bytes failed: Only part of a ReadProcessMemory or WriteProcessMemory request was completed. (0x12B)
[0901/232349.319:WARNING:pe_image_reader.cc(340)] could not read dos header from C:\WINDOWS\System32\GDI32.dll
[0901/232349.319:ERROR:process_memory_win.cc(73)] ReadMemory at 0x7ffe5bbe0000 of 64 bytes failed: Only part of a ReadProcessMemory or WriteProcessMemory request was completed. (0x12B)
[0901/232349.319:WARNING:pe_image_reader.cc(340)] could not read dos header from C:\WINDOWS\System32\win32u.dll
[0901/232349.319:ERROR:process_memory_win.cc(73)] ReadMemory at 0x7ffe5b340000 of 64 bytes failed: Only part of a ReadProcessMemory or WriteProcessMemory request was completed. (0x12B)
[0901/232349.319:WARNING:pe_image_reader.cc(340)] could not read dos header from C:\WINDOWS\System32\gdi32full.dll
[0901/232349.319:ERROR:process_memory_win.cc(73)] ReadMemory at 0x7ffe5bdb0000 of 64 bytes failed: Only part of a ReadProcessMemory or WriteProcessMemory request was completed. (0x12B)
[0901/232349.319:WARNING:pe_image_reader.cc(340)] could not read dos header from C:\WINDOWS\System32\USER32.dll
[0901/232349.319:ERROR:process_memory_win.cc(73)] ReadMemory at 0x7ffe5bb10000 of 64 bytes failed: Only part of a ReadProcessMemory or WriteProcessMemory request was completed. (0x12B)
[0901/232349.319:WARNING:pe_image_reader.cc(340)] could not read dos header from C:\WINDOWS\System32\cryptsp.dll
[0901/232349.319:ERROR:process_memory_win.cc(73)] ReadMemory at 0x7ffe5d370000 of 64 bytes failed: Only part of a ReadProcessMemory or WriteProcessMemory request was completed. (0x12B)
[0901/232349.319:WARNING:pe_image_reader.cc(340)] could not read dos header from C:\WINDOWS\System32\IMM32.DLL
[0901/232349.319:ERROR:process_memory_win.cc(73)] ReadMemory at 0x7ffe59dc0000 of 64 bytes failed: Only part of a ReadProcessMemory or WriteProcessMemory request was completed. (0x12B)
[0901/232349.319:WARNING:pe_image_reader.cc(340)] could not read dos header from C:\WINDOWS\SYSTEM32\CRYPTBASE.DLL
[0901/232349.335:ERROR:process_memory_win.cc(73)] ReadMemory at 0x7ff7a00b0000 of 64 bytes failed: Only part of a ReadProcessMemory or WriteProcessMemory request was completed. (0x12B)
[0901/232349.335:WARNING:pe_image_reader.cc(340)] could not read dos header from C:\Program Files (x86)\Google\Chrome\Application\chrome.exe
[0901/232349.335:ERROR:process_memory_win.cc(73)] ReadMemory at 0x7ffe5db60000 of 64 bytes failed: Only part of a ReadProcessMemory or WriteProcessMemory request was completed. (0x12B)
[0901/232349.335:WARNING:pe_image_reader.cc(340)] could not read dos header from C:\WINDOWS\SYSTEM32\ntdll.dll
[0901/232349.335:ERROR:process_memory_win.cc(73)] ReadMemory at 0x7ffe5c160000 of 64 bytes failed: Only part of a ReadProcessMemory or WriteProcessMemory request was completed. (0x12B)
[0901/232349.335:WARNING:pe_image_reader.cc(340)] could not read dos header from C:\WINDOWS\System32\KERNEL32.DLL
[0901/232349.335:ERROR:process_memory_win.cc(73)] ReadMemory at 0x7ffe5b5e0000 of 64 bytes failed: Only part of a ReadProcessMemory or WriteProcessMemory request was completed. (0x12B)
[0901/232349.335:WARNING:pe_image_reader.cc(340)] could not read dos header from C:\WINDOWS\System32\KERNELBASE.dll
[0901/232349.335:ERROR:process_memory_win.cc(73)] ReadMemory at 0x7ffe09380000 of 64 bytes failed: Only part of a ReadProcessMemory or WriteProcessMemory request was completed. (0x12B)
[0901/232349.335:WARNING:pe_image_reader.cc(340)] could not read dos header from C:\Program Files (x86)\Google\Chrome\Application\84.0.4147.135\chrome_elf.dll
[0901/232349.335:ERROR:process_memory_win.cc(73)] ReadMemory at 0x7ffe57f20000 of 64 bytes failed: Only part of a ReadProcessMemory or WriteProcessMemory request was completed. (0x12B)
[0901/232349.335:WARNING:pe_image_reader.cc(340)] could not read dos header from C:\WINDOWS\SYSTEM32\VERSION.dll
[0901/232349.335:ERROR:process_memory_win.cc(73)] ReadMemory at 0x7ffe5d580000 of 64 bytes failed: Only part of a ReadProcessMemory or WriteProcessMemory request was completed. (0x12B)
[0901/232349.335:WARNING:pe_image_reader.cc(340)] could not read dos header from C:\WINDOWS\System32\msvcrt.dll
[0901/232349.335:ERROR:process_memory_win.cc(73)] ReadMemory at 0x7ffe5b2c0000 of 64 bytes failed: Only part of a ReadProcessMemory or WriteProcessMemory request was completed. (0x12B)
[0901/232349.335:WARNING:pe_image_reader.cc(340)] could not read dos header from C:\WINDOWS\System32\bcryptPrimitives.dll
[0901/232349.335:ERROR:process_memory_win.cc(73)] ReadMemory at 0x7ffe5d4d0000 of 64 bytes failed: Only part of a ReadProcessMemory or WriteProcessMemory request was completed. (0x12B)
[0901/232349.335:WARNING:pe_image_reader.cc(340)] could not read dos header from C:\WINDOWS\System32\ADVAPI32.dll
[0901/232349.335:ERROR:process_memory_win.cc(73)] ReadMemory at 0x7ffe5d950000 of 64 bytes failed: Only part of a ReadProcessMemory or WriteProcessMemory request was completed. (0x12B)
[0901/232349.335:WARNING:pe_image_reader.cc(340)] could not read dos header from C:\WINDOWS\System32\sechost.dll
[0901/232349.335:ERROR:process_memory_win.cc(73)] ReadMemory at 0x7ffe5d830000 of 64 bytes failed: Only part of a ReadProcessMemory or WriteProcessMemory request was completed. (0x12B)
[0901/232349.335:WARNING:pe_image_reader.cc(340)] could not read dos header from C:\WINDOWS\System32\RPCRT4.dll
[0901/232349.335:ERROR:process_memory_win.cc(73)] ReadMemory at 0x7ffe0a300000 of 64 bytes failed: Only part of a ReadProcessMemory or WriteProcessMemory request was completed. (0x12B)
[0901/232349.335:WARNING:pe_image_reader.cc(340)] could not read dos header from C:\Program Files (x86)\Google\Chrome\Application\84.0.4147.135\chrome.dll
[0901/232349.335:ERROR:process_memory_win.cc(73)] ReadMemory at 0x7ffe5d3b0000 of 64 bytes failed: Only part of a ReadProcessMemory or WriteProcessMemory request was completed. (0x12B)
[0901/232349.335:WARNING:pe_image_reader.cc(340)] could not read dos header from C:\WINDOWS\System32\WS2_32.dll
[0901/232349.335:ERROR:process_memory_win.cc(73)] ReadMemory at 0x7ffe5bce0000 of 64 bytes failed: Only part of a ReadProcessMemory or WriteProcessMemory request was completed. (0x12B)
[0901/232349.335:WARNING:pe_image_reader.cc(340)] could not read dos header from C:\WINDOWS\System32\OLEAUT32.dll
[0901/232349.335:ERROR:process_memory_win.cc(73)] ReadMemory at 0x7ffe5ba70000 of 64 bytes failed: Only part of a ReadProcessMemory or WriteProcessMemory request was completed. (0x12B)
[0901/232349.335:WARNING:pe_image_reader.cc(340)] could not read dos header from C:\WINDOWS\System32\msvcp_win.dll
[0901/232349.335:ERROR:process_memory_win.cc(73)] ReadMemory at 0x7ffe5b4e0000 of 64 bytes failed: Only part of a ReadProcessMemory or WriteProcessMemory request was completed. (0x12B)
[0901/232349.335:WARNING:pe_image_reader.cc(340)] could not read dos header from C:\WINDOWS\System32\ucrtbase.dll
[0901/232349.335:ERROR:process_memory_win.cc(73)] ReadMemory at 0x7ffe5cee0000 of 64 bytes failed: Only part of a ReadProcessMemory or WriteProcessMemory request was completed. (0x12B)
[0901/232349.335:WARNING:pe_image_reader.cc(340)] could not read dos header from C:\WINDOWS\System32\combase.dll
[0901/232349.335:ERROR:process_memory_win.cc(73)] ReadMemory at 0x7ffe5ba10000 of 64 bytes failed: Only part of a ReadProcessMemory or WriteProcessMemory request was completed. (0x12B)
[0901/232349.335:WARNING:pe_image_reader.cc(340)] could not read dos header from C:\WINDOWS\System32\WINTRUST.dll
[0901/232349.335:ERROR:process_memory_win.cc(73)] ReadMemory at 0x7ffe5aac0000 of 64 bytes failed: Only part of a ReadProcessMemory or WriteProcessMemory request was completed. (0x12B)
[0901/232349.335:WARNING:pe_image_reader.cc(340)] could not read dos header from C:\WINDOWS\System32\MSASN1.dll
[0901/232349.335:ERROR:process_memory_win.cc(73)] ReadMemory at 0x7ffe5b890000 of 64 bytes failed: Only part of a ReadProcessMemory or WriteProcessMemory request was completed. (0x12B)
[0901/232349.335:WARNING:pe_image_reader.cc(340)] could not read dos header from C:\WINDOWS\System32\CRYPT32.dll
[0901/232349.335:ERROR:process_memory_win.cc(73)] ReadMemory at 0x7ffe59900000 of 64 bytes failed: Only part of a ReadProcessMemory or WriteProcessMemory request was completed. (0x12B)
[0901/232349.335:WARNING:pe_image_reader.cc(340)] could not read dos header from C:\WINDOWS\SYSTEM32\IPHLPAPI.DLL
[0901/232349.335:ERROR:process_memory_win.cc(73)] ReadMemory at 0x7ffe55f50000 of 64 bytes failed: Only part of a ReadProcessMemory or WriteProcessMemory request was completed. (0x12B)
[0901/232349.335:WARNING:pe_image_reader.cc(340)] could not read dos header from C:\WINDOWS\SYSTEM32\WINMM.dll
[0901/232349.335:ERROR:process_memory_win.cc(73)] ReadMemory at 0x7ffe57f30000 of 64 bytes failed: Only part of a ReadProcessMemory or WriteProcessMemory request was completed. (0x12B)
[0901/232349.335:WARNING:pe_image_reader.cc(340)] could not read dos header from C:\WINDOWS\SYSTEM32\Secur32.dll
[0901/232349.335:ERROR:process_memory_win.cc(73)] ReadMemory at 0x7ffe5a900000 of 64 bytes failed: Only part of a ReadProcessMemory or WriteProcessMemory request was completed. (0x12B)
[0901/232349.335:WARNING:pe_image_reader.cc(340)] could not read dos header from C:\WINDOWS\SYSTEM32\USERENV.dll
[0901/232349.335:ERROR:process_memory_win.cc(73)] ReadMemory at 0x7ffe5aa90000 of 64 bytes failed: Only part of a ReadProcessMemory or WriteProcessMemory request was completed. (0x12B)
[0901/232349.335:WARNING:pe_image_reader.cc(340)] could not read dos header from C:\WINDOWS\System32\profapi.dll
[0901/232349.339:ERROR:process_memory_win.cc(73)] ReadMemory at 0x7ffe2f590000 of 64 bytes failed: Only part of a ReadProcessMemory or WriteProcessMemory request was completed. (0x12B)
[0901/232349.339:WARNING:pe_image_reader.cc(340)] could not read dos header from C:\WINDOWS\SYSTEM32\UIAutomationCore.DLL
[0901/232349.339:ERROR:process_memory_win.cc(73)] ReadMemory at 0x7ffe495f0000 of 64 bytes failed: Only part of a ReadProcessMemory or WriteProcessMemory request was completed. (0x12B)
[0901/232349.339:WARNING:pe_image_reader.cc(340)] could not read dos header from C:\WINDOWS\SYSTEM32\DWrite.dll
[0901/232349.339:ERROR:process_memory_win.cc(73)] ReadMemory at 0x7ffe37550000 of 64 bytes failed: Only part of a ReadProcessMemory or WriteProcessMemory request was completed. (0x12B)
[0901/232349.339:WARNING:pe_image_reader.cc(340)] could not read dos header from C:\WINDOWS\SYSTEM32\WINSPOOL.DRV
[0901/232349.339:ERROR:process_memory_win.cc(73)] ReadMemory at 0x7ffe5aa70000 of 64 bytes failed: Only part of a ReadProcessMemory or WriteProcessMemory request was completed. (0x12B)
[0901/232349.339:WARNING:pe_image_reader.cc(340)] could not read dos header from C:\WINDOWS\System32\kernel.appcore.dll
[0901/232349.339:ERROR:process_memory_win.cc(73)] ReadMemory at 0x7ffe5b9e0000 of 64 bytes failed: Only part of a ReadProcessMemory or WriteProcessMemory request was completed. (0x12B)
[0901/232349.339:WARNING:pe_image_reader.cc(340)] could not read dos header from C:\WINDOWS\System32\bcrypt.dll
[0901/232349.339:ERROR:process_memory_win.cc(73)] ReadMemory at 0x7ffe5a530000 of 64 bytes failed: Only part of a ReadProcessMemory or WriteProcessMemory request was completed. (0x12B)
[0901/232349.339:WARNING:pe_image_reader.cc(340)] could not read dos header from C:\WINDOWS\SYSTEM32\dbghelp.dll
[0901/232349.339:ERROR:process_memory_win.cc(73)] ReadMemory at 0x7ffe57680000 of 64 bytes failed: Only part of a ReadProcessMemory or WriteProcessMemory request was completed. (0x12B)
[0901/232349.339:WARNING:pe_image_reader.cc(340)] could not read dos header from C:\WINDOWS\SYSTEM32\WINHTTP.dll
[0901/232349.339:ERROR:process_memory_win.cc(73)] ReadMemory at 0x7ffe4a7a0000 of 64 bytes failed: Only part of a ReadProcessMemory or WriteProcessMemory request was completed. (0x12B)
[0901/232349.339:WARNING:pe_image_reader.cc(340)] could not read dos header from C:\WINDOWS\SYSTEM32\dhcpcsvc.DLL
[0901/232349.339:ERROR:process_memory_win.cc(73)] ReadMemory at 0x7ffe5cdf0000 of 64 bytes failed: Only part of a ReadProcessMemory or WriteProcessMemory request was completed. (0x12B)
[0901/232349.339:WARNING:pe_image_reader.cc(340)] could not read dos header from C:\WINDOWS\System32\NSI.dll
[0901/232349.339:ERROR:process_memory_win.cc(73)] ReadMemory at 0x7ffe55f20000 of 64 bytes failed: Only part of a ReadProcessMemory or WriteProcessMemory request was completed. (0x12B)
[0901/232349.339:WARNING:pe_image_reader.cc(340)] could not read dos header from C:\WINDOWS\SYSTEM32\WINMMBASE.dll
[0901/232349.339:ERROR:process_memory_win.cc(73)] ReadMemory at 0x7ffe5b270000 of 64 bytes failed: Only part of a ReadProcessMemory or WriteProcessMemory request was completed. (0x12B)
[0901/232349.339:WARNING:pe_image_reader.cc(340)] could not read dos header from C:\WINDOWS\System32\cfgmgr32.dll
[0901/232349.339:ERROR:process_memory_win.cc(73)] ReadMemory at 0x7ffe55aa0000 of 64 bytes failed: Only part of a ReadProcessMemory or WriteProcessMemory request was completed. (0x12B)
[0901/232349.339:WARNING:pe_image_reader.cc(340)] could not read dos header from C:\WINDOWS\SYSTEM32\PROPSYS.dll
[0901/232349.339:ERROR:process_memory_win.cc(73)] ReadMemory at 0x7ffe5d420000 of 64 bytes failed: Only part of a ReadProcessMemory or WriteProcessMemory request was completed. (0x12B)
[0901/232349.339:WARNING:pe_image_reader.cc(340)] could not read dos header from C:\WINDOWS\System32\shcore.dll
[0901/232349.339:ERROR:process_memory_win.cc(73)] ReadMemory at 0x7ffe5a930000 of 64 bytes failed: Only part of a ReadProcessMemory or WriteProcessMemory request was completed. (0x12B)
[0901/232349.339:WARNING:pe_image_reader.cc(340)] could not read dos header from C:\WINDOWS\SYSTEM32\SSPICLI.DLL
[0901/232349.339:ERROR:process_memory_win.cc(73)] ReadMemory at 0x7ffe5c290000 of 64 bytes failed: Only part of a ReadProcessMemory or WriteProcessMemory request was completed. (0x12B)
[0901/232349.339:WARNING:pe_image_reader.cc(340)] could not read dos header from C:\WINDOWS\System32\SHELL32.dll
[0901/232349.339:ERROR:process_memory_win.cc(73)] ReadMemory at 0x7ffe5aae0000 of 64 bytes failed: Only part of a ReadProcessMemory or WriteProcessMemory request was completed. (0x12B)
[0901/232349.339:WARNING:pe_image_reader.cc(340)] could not read dos header from C:\WINDOWS\System32\windows.storage.dll
[0901/232349.339:ERROR:process_memory_win.cc(73)] ReadMemory at 0x7ffe5aa20000 of 64 bytes failed: Only part of a ReadProcessMemory or WriteProcessMemory request was completed. (0x12B)
[0901/232349.339:WARNING:pe_image_reader.cc(340)] could not read dos header from C:\WINDOWS\System32\powrprof.dll
[0901/232349.339:ERROR:process_memory_win.cc(73)] ReadMemory at 0x7ffe5aa10000 of 64 bytes failed: Only part of a ReadProcessMemory or WriteProcessMemory request was completed. (0x12B)
[0901/232349.339:WARNING:pe_image_reader.cc(340)] could not read dos header from C:\WINDOWS\System32\UMPDC.dll
[0901/232349.339:ERROR:process_memory_win.cc(73)] ReadMemory at 0x7ffe5daa0000 of 64 bytes failed: Only part of a ReadProcessMemory or WriteProcessMemory request was completed. (0x12B)
[0901/232349.339:WARNING:pe_image_reader.cc(340)] could not read dos header from C:\WINDOWS\System32\shlwapi.dll
[0901/232349.339:ERROR:process_memory_win.cc(73)] ReadMemory at 0x7ffe5d9f0000 of 64 bytes failed: Only part of a ReadProcessMemory or WriteProcessMemory request was completed. (0x12B)
[0901/232349.339:WARNING:pe_image_reader.cc(340)] could not read dos header from C:\WINDOWS\System32\GDI32.dll
[0901/232349.339:ERROR:process_memory_win.cc(73)] ReadMemory at 0x7ffe5bbe0000 of 64 bytes failed: Only part of a ReadProcessMemory or WriteProcessMemory request was completed. (0x12B)
[0901/232349.339:WARNING:pe_image_reader.cc(340)] could not read dos header from C:\WINDOWS\System32\win32u.dll
[0901/232349.339:ERROR:process_memory_win.cc(73)] ReadMemory at 0x7ffe5b340000 of 64 bytes failed: Only part of a ReadProcessMemory or WriteProcessMemory request was completed. (0x12B)
[0901/232349.339:WARNING:pe_image_reader.cc(340)] could not read dos header from C:\WINDOWS\System32\gdi32full.dll
[0901/232349.339:ERROR:process_memory_win.cc(73)] ReadMemory at 0x7ffe5bdb0000 of 64 bytes failed: Only part of a ReadProcessMemory or WriteProcessMemory request was completed. (0x12B)
[0901/232349.339:WARNING:pe_image_reader.cc(340)] could not read dos header from C:\WINDOWS\System32\USER32.dll
[0901/232349.339:ERROR:process_memory_win.cc(73)] ReadMemory at 0x7ffe5bb10000 of 64 bytes failed: Only part of a ReadProcessMemory or WriteProcessMemory request was completed. (0x12B)
[0901/232349.339:WARNING:pe_image_reader.cc(340)] could not read dos header from C:\WINDOWS\System32\cryptsp.dll
[0901/232349.339:ERROR:process_memory_win.cc(73)] ReadMemory at 0x7ffe5d370000 of 64 bytes failed: Only part of a ReadProcessMemory or WriteProcessMemory request was completed. (0x12B)
[0901/232349.339:WARNING:pe_image_reader.cc(340)] could not read dos header from C:\WINDOWS\System32\IMM32.DLL
[0901/232349.339:ERROR:process_memory_win.cc(73)] ReadMemory at 0x7ffe59dc0000 of 64 bytes failed: Only part of a ReadProcessMemory or WriteProcessMemory request was completed. (0x12B)
[0901/232349.339:WARNING:pe_image_reader.cc(340)] could not read dos header from C:\WINDOWS\SYSTEM32\CRYPTBASE.DLL
[0901/232349.339:ERROR:process_memory_win.cc(73)] ReadMemory at 0x7ff7a00b0000 of 64 bytes failed: Only part of a ReadProcessMemory or WriteProcessMemory request was completed. (0x12B)
[0901/232349.339:WARNING:pe_image_reader.cc(340)] could not read dos header from C:\Program Files (x86)\Google\Chrome\Application\chrome.exe
[0901/232349.339:ERROR:process_memory_win.cc(73)] ReadMemory at 0x7ffe5db60000 of 64 bytes failed: Only part of a ReadProcessMemory or WriteProcessMemory request was completed. (0x12B)
[0901/232349.339:WARNING:pe_image_reader.cc(340)] could not read dos header from C:\WINDOWS\SYSTEM32\ntdll.dll
[0901/232349.339:ERROR:process_memory_win.cc(73)] ReadMemory at 0x7ffe5c160000 of 64 bytes failed: Only part of a ReadProcessMemory or WriteProcessMemory request was completed. (0x12B)
[0901/232349.339:WARNING:pe_image_reader.cc(340)] could not read dos header from C:\WINDOWS\System32\KERNEL32.DLL
[0901/232349.339:ERROR:process_memory_win.cc(73)] ReadMemory at 0x7ffe5b5e0000 of 64 bytes failed: Only part of a ReadProcessMemory or WriteProcessMemory request was completed. (0x12B)
[0901/232349.339:WARNING:pe_image_reader.cc(340)] could not read dos header from C:\WINDOWS\System32\KERNELBASE.dll
[0901/232349.339:ERROR:process_memory_win.cc(73)] ReadMemory at 0x7ffe09380000 of 64 bytes failed: Only part of a ReadProcessMemory or WriteProcessMemory request was completed. (0x12B)
[0901/232349.339:WARNING:pe_image_reader.cc(340)] could not read dos header from C:\Program Files (x86)\Google\Chrome\Application\84.0.4147.135\chrome_elf.dll
[0901/232349.339:ERROR:process_memory_win.cc(73)] ReadMemory at 0x7ffe57f20000 of 64 bytes failed: Only part of a ReadProcessMemory or WriteProcessMemory request was completed. (0x12B)
[0901/232349.339:WARNING:pe_image_reader.cc(340)] could not read dos header from C:\WINDOWS\SYSTEM32\VERSION.dll
[0901/232349.339:ERROR:process_memory_win.cc(73)] ReadMemory at 0x7ffe5d580000 of 64 bytes failed: Only part of a ReadProcessMemory or WriteProcessMemory request was completed. (0x12B)
[0901/232349.339:WARNING:pe_image_reader.cc(340)] could not read dos header from C:\WINDOWS\System32\msvcrt.dll
[0901/232349.339:ERROR:process_memory_win.cc(73)] ReadMemory at 0x7ffe5b2c0000 of 64 bytes failed: Only part of a ReadProcessMemory or WriteProcessMemory request was completed. (0x12B)
[0901/232349.339:WARNING:pe_image_reader.cc(340)] could not read dos header from C:\WINDOWS\System32\bcryptPrimitives.dll
[0901/232349.339:ERROR:process_memory_win.cc(73)] ReadMemory at 0x7ffe5d4d0000 of 64 bytes failed: Only part of a ReadProcessMemory or WriteProcessMemory request was completed. (0x12B)
[0901/232349.339:WARNING:pe_image_reader.cc(340)] could not read dos header from C:\WINDOWS\System32\ADVAPI32.dll
[0901/232349.339:ERROR:process_memory_win.cc(73)] ReadMemory at 0x7ffe5d950000 of 64 bytes failed: Only part of a ReadProcessMemory or WriteProcessMemory request was completed. (0x12B)
[0901/232349.339:WARNING:pe_image_reader.cc(340)] could not read dos header from C:\WINDOWS\System32\sechost.dll
[0901/232349.339:ERROR:process_memory_win.cc(73)] ReadMemory at 0x7ffe5d830000 of 64 bytes failed: Only part of a ReadProcessMemory or WriteProcessMemory request was completed. (0x12B)
[0901/232349.339:WARNING:pe_image_reader.cc(340)] could not read dos header from C:\WINDOWS\System32\RPCRT4.dll
[0901/232349.339:ERROR:process_memory_win.cc(73)] ReadMemory at 0x7ffe0a300000 of 64 bytes failed: Only part of a ReadProcessMemory or WriteProcessMemory request was completed. (0x12B)
[0901/232349.339:WARNING:pe_image_reader.cc(340)] could not read dos header from C:\Program Files (x86)\Google\Chrome\Application\84.0.4147.135\chrome.dll
[0901/232349.339:ERROR:process_memory_win.cc(73)] ReadMemory at 0x7ffe5d3b0000 of 64 bytes failed: Only part of a ReadProcessMemory or WriteProcessMemory request was completed. (0x12B)
[0901/232349.339:WARNING:pe_image_reader.cc(340)] could not read dos header from C:\WINDOWS\System32\WS2_32.dll
[0901/232349.339:ERROR:process_memory_win.cc(73)] ReadMemory at 0x7ffe5bce0000 of 64 bytes failed: Only part of a ReadProcessMemory or WriteProcessMemory request was completed. (0x12B)
[0901/232349.339:WARNING:pe_image_reader.cc(340)] could not read dos header from C:\WINDOWS\System32\OLEAUT32.dll
[0901/232349.339:ERROR:process_memory_win.cc(73)] ReadMemory at 0x7ffe5ba70000 of 64 bytes failed: Only part of a ReadProcessMemory or WriteProcessMemory request was completed. (0x12B)
[0901/232349.339:WARNING:pe_image_reader.cc(340)] could not read dos header from C:\WINDOWS\System32\msvcp_win.dll
[0901/232349.339:ERROR:process_memory_win.cc(73)] ReadMemory at 0x7ffe5b4e0000 of 64 bytes failed: Only part of a ReadProcessMemory or WriteProcessMemory request was completed. (0x12B)
[0901/232349.339:WARNING:pe_image_reader.cc(340)] could not read dos header from C:\WINDOWS\System32\ucrtbase.dll
[0901/232349.339:ERROR:process_memory_win.cc(73)] ReadMemory at 0x7ffe5cee0000 of 64 bytes failed: Only part of a ReadProcessMemory or WriteProcessMemory request was completed. (0x12B)
[0901/232349.339:WARNING:pe_image_reader.cc(340)] could not read dos header from C:\WINDOWS\System32\combase.dll
[0901/232349.339:ERROR:process_memory_win.cc(73)] ReadMemory at 0x7ffe5ba10000 of 64 bytes failed: Only part of a ReadProcessMemory or WriteProcessMemory request was completed. (0x12B)
[0901/232349.339:WARNING:pe_image_reader.cc(340)] could not read dos header from C:\WINDOWS\System32\WINTRUST.dll
[0901/232349.339:ERROR:process_memory_win.cc(73)] ReadMemory at 0x7ffe5aac0000 of 64 bytes failed: Only part of a ReadProcessMemory or WriteProcessMemory request was completed. (0x12B)
[0901/232349.339:WARNING:pe_image_reader.cc(340)] could not read dos header from C:\WINDOWS\System32\MSASN1.dll
[0901/232349.339:ERROR:process_memory_win.cc(73)] ReadMemory at 0x7ffe5b890000 of 64 bytes failed: Only part of a ReadProcessMemory or WriteProcessMemory request was completed. (0x12B)
[0901/232349.339:WARNING:pe_image_reader.cc(340)] could not read dos header from C:\WINDOWS\System32\CRYPT32.dll
[0901/232349.339:ERROR:process_memory_win.cc(73)] ReadMemory at 0x7ffe59900000 of 64 bytes failed: Only part of a ReadProcessMemory or WriteProcessMemory request was completed. (0x12B)
[0901/232349.339:WARNING:pe_image_reader.cc(340)] could not read dos header from C:\WINDOWS\SYSTEM32\IPHLPAPI.DLL
[0901/232349.339:ERROR:process_memory_win.cc(73)] ReadMemory at 0x7ffe55f50000 of 64 bytes failed: Only part of a ReadProcessMemory or WriteProcessMemory request was completed. (0x12B)
[0901/232349.339:WARNING:pe_image_reader.cc(340)] could not read dos header from C:\WINDOWS\SYSTEM32\WINMM.dll
[0901/232349.339:ERROR:process_memory_win.cc(73)] ReadMemory at 0x7ffe57f30000 of 64 bytes failed: Only part of a ReadProcessMemory or WriteProcessMemory request was completed. (0x12B)
[0901/232349.339:WARNING:pe_image_reader.cc(340)] could not read dos header from C:\WINDOWS\SYSTEM32\Secur32.dll
[0901/232349.339:ERROR:process_memory_win.cc(73)] ReadMemory at 0x7ffe5a900000 of 64 bytes failed: Only part of a ReadProcessMemory or WriteProcessMemory request was completed. (0x12B)
[0901/232349.339:WARNING:pe_image_reader.cc(340)] could not read dos header from C:\WINDOWS\SYSTEM32\USERENV.dll
[0901/232349.339:ERROR:process_memory_win.cc(73)] ReadMemory at 0x7ffe5aa90000 of 64 bytes failed: Only part of a ReadProcessMemory or WriteProcessMemory request was completed. (0x12B)
[0901/232349.339:WARNING:pe_image_reader.cc(340)] could not read dos header from C:\WINDOWS\System32\profapi.dll
[0901/232349.339:ERROR:process_memory_win.cc(73)] ReadMemory at 0x7ffe2f590000 of 64 bytes failed: Only part of a ReadProcessMemory or WriteProcessMemory request was completed. (0x12B)
[0901/232349.339:WARNING:pe_image_reader.cc(340)] could not read dos header from C:\WINDOWS\SYSTEM32\UIAutomationCore.DLL
[0901/232349.339:ERROR:process_memory_win.cc(73)] ReadMemory at 0x7ffe495f0000 of 64 bytes failed: Only part of a ReadProcessMemory or WriteProcessMemory request was completed. (0x12B)
[0901/232349.339:WARNING:pe_image_reader.cc(340)] could not read dos header from C:\WINDOWS\SYSTEM32\DWrite.dll
[0901/232349.339:ERROR:process_memory_win.cc(73)] ReadMemory at 0x7ffe37550000 of 64 bytes failed: Only part of a ReadProcessMemory or WriteProcessMemory request was completed. (0x12B)
[0901/232349.339:WARNING:pe_image_reader.cc(340)] could not read dos header from C:\WINDOWS\SYSTEM32\WINSPOOL.DRV
[0901/232349.339:ERROR:process_memory_win.cc(73)] ReadMemory at 0x7ffe5aa70000 of 64 bytes failed: Only part of a ReadProcessMemory or WriteProcessMemory request was completed. (0x12B)
[0901/232349.339:WARNING:pe_image_reader.cc(340)] could not read dos header from C:\WINDOWS\System32\kernel.appcore.dll
[0901/232349.339:ERROR:process_memory_win.cc(73)] ReadMemory at 0x7ffe5b9e0000 of 64 bytes failed: Only part of a ReadProcessMemory or WriteProcessMemory request was completed. (0x12B)
[0901/232349.339:WARNING:pe_image_reader.cc(340)] could not read dos header from C:\WINDOWS\System32\bcrypt.dll
[0901/232349.339:ERROR:process_memory_win.cc(73)] ReadMemory at 0x7ffe5a530000 of 64 bytes failed: Only part of a ReadProcessMemory or WriteProcessMemory request was completed. (0x12B)
[0901/232349.339:WARNING:pe_image_reader.cc(340)] could not read dos header from C:\WINDOWS\SYSTEM32\dbghelp.dll
[0901/232349.343:ERROR:process_memory_win.cc(73)] ReadMemory at 0x7ffe57680000 of 64 bytes failed: Only part of a ReadProcessMemory or WriteProcessMemory request was completed. (0x12B)
[0901/232349.343:WARNING:pe_image_reader.cc(340)] could not read dos header from C:\WINDOWS\SYSTEM32\WINHTTP.dll
[0901/232349.343:ERROR:process_memory_win.cc(73)] ReadMemory at 0x7ffe4a7a0000 of 64 bytes failed: Only part of a ReadProcessMemory or WriteProcessMemory request was completed. (0x12B)
[0901/232349.343:WARNING:pe_image_reader.cc(340)] could not read dos header from C:\WINDOWS\SYSTEM32\dhcpcsvc.DLL
[0901/232349.343:ERROR:process_memory_win.cc(73)] ReadMemory at 0x7ffe5cdf0000 of 64 bytes failed: Only part of a ReadProcessMemory or WriteProcessMemory request was completed. (0x12B)
[0901/232349.343:WARNING:pe_image_reader.cc(340)] could not read dos header from C:\WINDOWS\System32\NSI.dll
[0901/232349.343:ERROR:process_memory_win.cc(73)] ReadMemory at 0x7ffe55f20000 of 64 bytes failed: Only part of a ReadProcessMemory or WriteProcessMemory request was completed. (0x12B)
[0901/232349.343:WARNING:pe_image_reader.cc(340)] could not read dos header from C:\WINDOWS\SYSTEM32\WINMMBASE.dll
[0901/232349.343:ERROR:process_memory_win.cc(73)] ReadMemory at 0x7ffe5b270000 of 64 bytes failed: Only part of a ReadProcessMemory or WriteProcessMemory request was completed. (0x12B)
[0901/232349.343:WARNING:pe_image_reader.cc(340)] could not read dos header from C:\WINDOWS\System32\cfgmgr32.dll
[0901/232349.343:ERROR:process_memory_win.cc(73)] ReadMemory at 0x7ffe55aa0000 of 64 bytes failed: Only part of a ReadProcessMemory or WriteProcessMemory request was completed. (0x12B)
[0901/232349.343:WARNING:pe_image_reader.cc(340)] could not read dos header from C:\WINDOWS\SYSTEM32\PROPSYS.dll
[0901/232349.343:ERROR:process_memory_win.cc(73)] ReadMemory at 0x7ffe5d420000 of 64 bytes failed: Only part of a ReadProcessMemory or WriteProcessMemory request was completed. (0x12B)
[0901/232349.343:WARNING:pe_image_reader.cc(340)] could not read dos header from C:\WINDOWS\System32\shcore.dll
[0901/232349.343:ERROR:process_memory_win.cc(73)] ReadMemory at 0x7ffe5a930000 of 64 bytes failed: Only part of a ReadProcessMemory or WriteProcessMemory request was completed. (0x12B)
[0901/232349.343:WARNING:pe_image_reader.cc(340)] could not read dos header from C:\WINDOWS\SYSTEM32\SSPICLI.DLL
[0901/232349.343:ERROR:process_memory_win.cc(73)] ReadMemory at 0x7ffe5c290000 of 64 bytes failed: Only part of a ReadProcessMemory or WriteProcessMemory request was completed. (0x12B)
[0901/232349.343:WARNING:pe_image_reader.cc(340)] could not read dos header from C:\WINDOWS\System32\SHELL32.dll
[0901/232349.343:ERROR:process_memory_win.cc(73)] ReadMemory at 0x7ffe5aae0000 of 64 bytes failed: Only part of a ReadProcessMemory or WriteProcessMemory request was completed. (0x12B)
[0901/232349.343:WARNING:pe_image_reader.cc(340)] could not read dos header from C:\WINDOWS\System32\windows.storage.dll
[0901/232349.343:ERROR:process_memory_win.cc(73)] ReadMemory at 0x7ffe5aa20000 of 64 bytes failed: Only part of a ReadProcessMemory or WriteProcessMemory request was completed. (0x12B)
[0901/232349.343:WARNING:pe_image_reader.cc(340)] could not read dos header from C:\WINDOWS\System32\powrprof.dll
[0901/232349.343:ERROR:process_memory_win.cc(73)] ReadMemory at 0x7ffe5aa10000 of 64 bytes failed: Only part of a ReadProcessMemory or WriteProcessMemory request was completed. (0x12B)
[0901/232349.343:WARNING:pe_image_reader.cc(340)] could not read dos header from C:\WINDOWS\System32\UMPDC.dll
[0901/232349.343:ERROR:process_memory_win.cc(73)] ReadMemory at 0x7ffe5daa0000 of 64 bytes failed: Only part of a ReadProcessMemory or WriteProcessMemory request was completed. (0x12B)
[0901/232349.343:WARNING:pe_image_reader.cc(340)] could not read dos header from C:\WINDOWS\System32\shlwapi.dll
[0901/232349.343:ERROR:process_memory_win.cc(73)] ReadMemory at 0x7ffe5d9f0000 of 64 bytes failed: Only part of a ReadProcessMemory or WriteProcessMemory request was completed. (0x12B)
[0901/232349.343:WARNING:pe_image_reader.cc(340)] could not read dos header from C:\WINDOWS\System32\GDI32.dll
[0901/232349.343:ERROR:process_memory_win.cc(73)] ReadMemory at 0x7ffe5bbe0000 of 64 bytes failed: Only part of a ReadProcessMemory or WriteProcessMemory request was completed. (0x12B)
[0901/232349.343:WARNING:pe_image_reader.cc(340)] could not read dos header from C:\WINDOWS\System32\win32u.dll
[0901/232349.343:ERROR:process_memory_win.cc(73)] ReadMemory at 0x7ffe5b340000 of 64 bytes failed: Only part of a ReadProcessMemory or WriteProcessMemory request was completed. (0x12B)
[0901/232349.343:WARNING:pe_image_reader.cc(340)] could not read dos header from C:\WINDOWS\System32\gdi32full.dll
[0901/232349.343:ERROR:process_memory_win.cc(73)] ReadMemory at 0x7ffe5bdb0000 of 64 bytes failed: Only part of a ReadProcessMemory or WriteProcessMemory request was completed. (0x12B)
[0901/232349.343:WARNING:pe_image_reader.cc(340)] could not read dos header from C:\WINDOWS\System32\USER32.dll
[0901/232349.343:ERROR:process_memory_win.cc(73)] ReadMemory at 0x7ffe5bb10000 of 64 bytes failed: Only part of a ReadProcessMemory or WriteProcessMemory request was completed. (0x12B)
[0901/232349.343:WARNING:pe_image_reader.cc(340)] could not read dos header from C:\WINDOWS\System32\cryptsp.dll
[0901/232349.343:ERROR:process_memory_win.cc(73)] ReadMemory at 0x7ffe5d370000 of 64 bytes failed: Only part of a ReadProcessMemory or WriteProcessMemory request was completed. (0x12B)
[0901/232349.343:WARNING:pe_image_reader.cc(340)] could not read dos header from C:\WINDOWS\System32\IMM32.DLL
[0901/232349.343:ERROR:process_memory_win.cc(73)] ReadMemory at 0x7ffe59dc0000 of 64 bytes failed: Only part of a ReadProcessMemory or WriteProcessMemory request was completed. (0x12B)
[0901/232349.343:WARNING:pe_image_reader.cc(340)] could not read dos header from C:\WINDOWS\SYSTEM32\CRYPTBASE.DLL
[0901/232349.371:ERROR:process_memory_win.cc(73)] ReadMemory at 0x4ebd9e5000 of 110592 bytes failed: Only part of a ReadProcessMemory or WriteProcessMemory request was completed. (0x12B)
[0901/232349.371:ERROR:process_memory_win.cc(73)] ReadMemory at 0x4ebe1fd000 of 12288 bytes failed: Only part of a ReadProcessMemory or WriteProcessMemory request was completed. (0x12B)
[0901/232349.371:ERROR:process_memory_win.cc(73)] ReadMemory at 0x4ebf1fc000 of 16384 bytes failed: Only part of a ReadProcessMemory or WriteProcessMemory request was completed. (0x12B)
[0901/232349.371:ERROR:process_memory_win.cc(73)] ReadMemory at 0x4ebf9fc000 of 16384 bytes failed: Only part of a ReadProcessMemory or WriteProcessMemory request was completed. (0x12B)
[0901/232349.371:ERROR:process_memory_win.cc(73)] ReadMemory at 0x4ec01fe000 of 8192 bytes failed: Only part of a ReadProcessMemory or WriteProcessMemory request was completed. (0x12B)
[0901/232349.371:ERROR:process_memory_win.cc(73)] ReadMemory at 0x4ec09fd000 of 12288 bytes failed: Only part of a ReadProcessMemory or WriteProcessMemory request was completed. (0x12B)
[0901/232349.371:ERROR:process_memory_win.cc(73)] ReadMemory at 0x4ec11fb000 of 20480 bytes failed: Only part of a ReadProcessMemory or WriteProcessMemory request was completed. (0x12B)
[0901/232349.371:ERROR:process_memory_win.cc(73)] ReadMemory at 0x4ec19fd000 of 12288 bytes failed: Only part of a ReadProcessMemory or WriteProcessMemory request was completed. (0x12B)
[0901/232349.371:ERROR:process_memory_win.cc(73)] ReadMemory at 0x4ec21f7000 of 36864 bytes failed: Only part of a ReadProcessMemory or WriteProcessMemory request was completed. (0x12B)
[0901/232349.371:ERROR:process_memory_win.cc(73)] ReadMemory at 0x4ec29f5000 of 45056 bytes failed: Only part of a ReadProcessMemory or WriteProcessMemory request was completed. (0x12B)
[0901/232349.371:ERROR:process_memory_win.cc(73)] ReadMemory at 0x4ec31f5000 of 45056 bytes failed: Only part of a ReadProcessMemory or WriteProcessMemory request was completed. (0x12B)
[0901/232349.371:ERROR:process_memory_win.cc(73)] ReadMemory at 0x4ec39f6000 of 40960 bytes failed: Only part of a ReadProcessMemory or WriteProcessMemory request was completed. (0x12B)
[0901/232349.371:ERROR:process_memory_win.cc(73)] ReadMemory at 0x4ec41fd000 of 12288 bytes failed: Only part of a ReadProcessMemory or WriteProcessMemory request was completed. (0x12B)
[0901/232349.371:ERROR:process_memory_win.cc(73)] ReadMemory at 0x4ec59fd000 of 12288 bytes failed: Only part of a ReadProcessMemory or WriteProcessMemory request was completed. (0x12B)
[0901/232349.371:ERROR:process_memory_win.cc(73)] ReadMemory at 0x4ec49fd000 of 12288 bytes failed: Only part of a ReadProcessMemory or WriteProcessMemory request was completed. (0x12B)
[0901/232349.371:ERROR:process_memory_win.cc(73)] ReadMemory at 0x4ec51fd000 of 12288 bytes failed: Only part of a ReadProcessMemory or WriteProcessMemory request was completed. (0x12B)
[0901/232349.371:ERROR:process_memory_win.cc(73)] ReadMemory at 0x4ebe9fd000 of 12288 bytes failed: Only part of a ReadProcessMemory or WriteProcessMemory request was completed. (0x12B)
[0901/232349.371:ERROR:process_memory_win.cc(73)] ReadMemory at 0x4ec61fd000 of 12288 bytes failed: Only part of a ReadProcessMemory or WriteProcessMemory request was completed. (0x12B)
[0901/232349.371:ERROR:process_memory_win.cc(73)] ReadMemory at 0x4ebd14a000 of 852 bytes failed: Only part of a ReadProcessMemory or WriteProcessMemory request was completed. (0x12B)
[0901/232349.371:ERROR:process_memory_win.cc(73)] ReadMemory at 0x4ebd14b000 of 6024 bytes failed: Only part of a ReadProcessMemory or WriteProcessMemory request was completed. (0x12B)
[0901/232349.371:ERROR:process_memory_win.cc(73)] ReadMemory at 0x4ebd14d000 of 6024 bytes failed: Only part of a ReadProcessMemory or WriteProcessMemory request was completed. (0x12B)
[0901/232349.371:ERROR:process_memory_win.cc(73)] ReadMemory at 0x4ebd151000 of 6024 bytes failed: Only part of a ReadProcessMemory or WriteProcessMemory request was completed. (0x12B)
[0901/232349.371:ERROR:process_memory_win.cc(73)] ReadMemory at 0x4ebd153000 of 6024 bytes failed: Only part of a ReadProcessMemory or WriteProcessMemory request was completed. (0x12B)
[0901/232349.371:ERROR:process_memory_win.cc(73)] ReadMemory at 0x4ebd155000 of 6024 bytes failed: Only part of a ReadProcessMemory or WriteProcessMemory request was completed. (0x12B)
[0901/232349.371:ERROR:process_memory_win.cc(73)] ReadMemory at 0x4ebd157000 of 6024 bytes failed: Only part of a ReadProcessMemory or WriteProcessMemory request was completed. (0x12B)
[0901/232349.371:ERROR:process_memory_win.cc(73)] ReadMemory at 0x4ebd159000 of 6024 bytes failed: Only part of a ReadProcessMemory or WriteProcessMemory request was completed. (0x12B)
[0901/232349.371:ERROR:process_memory_win.cc(73)] ReadMemory at 0x4ebd15b000 of 6024 bytes failed: Only part of a ReadProcessMemory or WriteProcessMemory request was completed. (0x12B)
[0901/232349.371:ERROR:process_memory_win.cc(73)] ReadMemory at 0x4ebd15d000 of 6024 bytes failed: Only part of a ReadProcessMemory or WriteProcessMemory request was completed. (0x12B)
[0901/232349.371:ERROR:process_memory_win.cc(73)] ReadMemory at 0x4ebd15f000 of 6024 bytes failed: Only part of a ReadProcessMemory or WriteProcessMemory request was completed. (0x12B)
[0901/232349.371:ERROR:process_memory_win.cc(73)] ReadMemory at 0x4ebd161000 of 6024 bytes failed: Only part of a ReadProcessMemory or WriteProcessMemory request was completed. (0x12B)
[0901/232349.371:ERROR:process_memory_win.cc(73)] ReadMemory at 0x4ebd163000 of 6024 bytes failed: Only part of a ReadProcessMemory or WriteProcessMemory request was completed. (0x12B)
[0901/232349.371:ERROR:process_memory_win.cc(73)] ReadMemory at 0x4ebd165000 of 6024 bytes failed: Only part of a ReadProcessMemory or WriteProcessMemory request was completed. (0x12B)
[0901/232349.371:ERROR:process_memory_win.cc(73)] ReadMemory at 0x4ebd17b000 of 6024 bytes failed: Only part of a ReadProcessMemory or WriteProcessMemory request was completed. (0x12B)
[0901/232349.371:ERROR:process_memory_win.cc(73)] ReadMemory at 0x4ebd189000 of 6024 bytes failed: Only part of a ReadProcessMemory or WriteProcessMemory request was completed. (0x12B)
[0901/232349.371:ERROR:process_memory_win.cc(73)] ReadMemory at 0x4ebd1ad000 of 6024 bytes failed: Only part of a ReadProcessMemory or WriteProcessMemory request was completed. (0x12B)
[0901/232349.371:ERROR:process_memory_win.cc(73)] ReadMemory at 0x4ebd1af000 of 6024 bytes failed: Only part of a ReadProcessMemory or WriteProcessMemory request was completed. (0x12B)
[0901/232349.371:ERROR:process_memory_win.cc(73)] ReadMemory at 0x4ebd1b1000 of 6024 bytes failed: Only part of a ReadProcessMemory or WriteProcessMemory request was completed. (0x12B)
[0901/232349.371:ERROR:process_memory_win.cc(73)] ReadMemory at 0x195ebaf0000 of 384 bytes failed: Only part of a ReadProcessMemory or WriteProcessMemory request was completed. (0x12B)
[0901/232349.371:ERROR:process_memory_win.cc(73)] ReadMemory at 0x195ebaf0ad0 of 1016 bytes failed: Only part of a ReadProcessMemory or WriteProcessMemory request was completed. (0x12B)
[0901/232349.375:ERROR:process_memory_win.cc(73)] ReadMemory at 0x195ebaf0fe0 of 3550 bytes failed: Only part of a ReadProcessMemory or WriteProcessMemory request was completed. (0x12B)
[0901/232349.375:ERROR:process_memory_win.cc(73)] ReadMemory at 0x195ebaf1dd0 of 1012 bytes failed: Only part of a ReadProcessMemory or WriteProcessMemory request was completed. (0x12B)
[0901/232349.375:ERROR:process_memory_win.cc(73)] ReadMemory at 0x195ebaf2418 of 118 bytes failed: Only part of a ReadProcessMemory or WriteProcessMemory request was completed. (0x12B)
[0901/232349.375:ERROR:process_memory_win.cc(73)] ReadMemory at 0x195ebaf2490 of 1186 bytes failed: Only part of a ReadProcessMemory or WriteProcessMemory request was completed. (0x12B)
[0901/232349.375:ERROR:process_memory_win.cc(73)] ReadMemory at 0x195ebaf2934 of 118 bytes failed: Only part of a ReadProcessMemory or WriteProcessMemory request was completed. (0x12B)
[0901/232349.375:ERROR:process_memory_win.cc(73)] ReadMemory at 0x195ebaf29ac of 98 bytes failed: Only part of a ReadProcessMemory or WriteProcessMemory request was completed. (0x12B)
[0901/232349.375:ERROR:process_memory_win.cc(73)] ReadMemory at 0x195ebaf2a20 of 58 bytes failed: Only part of a ReadProcessMemory or WriteProcessMemory request was completed. (0x12B)
[0901/232349.375:ERROR:process_memory_win.cc(73)] ReadMemory at 0x195ebaf2b20 of 132 bytes failed: Only part of a ReadProcessMemory or WriteProcessMemory request was completed. (0x12B)
[0901/232349.375:ERROR:process_memory_win.cc(73)] ReadMemory at 0x195ebaf2cb0 of 132 bytes failed: Only part of a ReadProcessMemory or WriteProcessMemory request was completed. (0x12B)
[0901/232349.375:ERROR:process_memory_win.cc(73)] ReadMemory at 0x195ebaf2e70 of 126 bytes failed: Only part of a ReadProcessMemory or WriteProcessMemory request was completed. (0x12B)
[0901/232349.375:ERROR:process_memory_win.cc(73)] ReadMemory at 0x195ebaf3250 of 132 bytes failed: Only part of a ReadProcessMemory or WriteProcessMemory request was completed. (0x12B)
[0901/232349.375:ERROR:process_memory_win.cc(73)] ReadMemory at 0x195ebaf33e0 of 64 bytes failed: Only part of a ReadProcessMemory or WriteProcessMemory request was completed. (0x12B)
[0901/232349.375:ERROR:process_memory_win.cc(73)] ReadMemory at 0x195ebaf35a0 of 132 bytes failed: Only part of a ReadProcessMemory or WriteProcessMemory request was completed. (0x12B)
[0901/232349.375:ERROR:process_memory_win.cc(73)] ReadMemory at 0x195ebaf3840 of 132 bytes failed: Only part of a ReadProcessMemory or WriteProcessMemory request was completed. (0x12B)
[0901/232349.375:ERROR:process_memory_win.cc(73)] ReadMemory at 0x195ebaf39d0 of 68 bytes failed: Only part of a ReadProcessMemory or WriteProcessMemory request was completed. (0x12B)
[0901/232349.375:ERROR:process_memory_win.cc(73)] ReadMemory at 0x195ebaf4b70 of 132 bytes failed: Only part of a ReadProcessMemory or WriteProcessMemory request was completed. (0x12B)
[0901/232349.375:ERROR:process_memory_win.cc(73)] ReadMemory at 0x195ebaf4d00 of 154 bytes failed: Only part of a ReadProcessMemory or WriteProcessMemory request was completed. (0x12B)
[0901/232349.375:ERROR:process_memory_win.cc(73)] ReadMemory at 0x195ebaf5b00 of 60 bytes failed: Only part of a ReadProcessMemory or WriteProcessMemory request was completed. (0x12B)
[0901/232349.375:ERROR:process_memory_win.cc(73)] ReadMemory at 0x195ebaf5f10 of 62 bytes failed: Only part of a ReadProcessMemory or WriteProcessMemory request was completed. (0x12B)
[0901/232349.375:ERROR:process_memory_win.cc(73)] ReadMemory at 0x195ebaf6070 of 132 bytes failed: Only part of a ReadProcessMemory or WriteProcessMemory request was completed. (0x12B)
[0901/232349.375:ERROR:process_memory_win.cc(73)] ReadMemory at 0x195ebaf94a0 of 54 bytes failed: Only part of a ReadProcessMemory or WriteProcessMemory request was completed. (0x12B)
[0901/232349.375:ERROR:process_memory_win.cc(73)] ReadMemory at 0x195ebafd44c of 512 bytes failed: Only part of a ReadProcessMemory or WriteProcessMemory request was completed. (0x12B)
[0901/232349.375:ERROR:process_memory_win.cc(73)] ReadMemory at 0x195ebafdc10 of 62 bytes failed: Only part of a ReadProcessMemory or WriteProcessMemory request was completed. (0x12B)
[0901/232349.375:ERROR:process_memory_win.cc(73)] ReadMemory at 0x195ebafea60 of 80 bytes failed: Only part of a ReadProcessMemory or WriteProcessMemory request was completed. (0x12B)
[0901/232349.375:ERROR:process_memory_win.cc(73)] ReadMemory at 0x195ebb034e0 of 132 bytes failed: Only part of a ReadProcessMemory or WriteProcessMemory request was completed. (0x12B)
[0901/232349.375:ERROR:process_memory_win.cc(73)] ReadMemory at 0x195ebb03ae0 of 132 bytes failed: Only part of a ReadProcessMemory or WriteProcessMemory request was completed. (0x12B)
[0901/232349.375:ERROR:process_memory_win.cc(73)] ReadMemory at 0x195ebb03eb0 of 132 bytes failed: Only part of a ReadProcessMemory or WriteProcessMemory request was completed. (0x12B)
[0901/232349.375:ERROR:process_memory_win.cc(73)] ReadMemory at 0x195ebb05220 of 146 bytes failed: Only part of a ReadProcessMemory or WriteProcessMemory request was completed. (0x12B)
[0901/232349.375:ERROR:process_memory_win.cc(73)] ReadMemory at 0x195ebb06000 of 132 bytes failed: Only part of a ReadProcessMemory or WriteProcessMemory request was completed. (0x12B)
[0901/232349.375:ERROR:process_memory_win.cc(73)] ReadMemory at 0x195ebb06210 of 132 bytes failed: Only part of a ReadProcessMemory or WriteProcessMemory request was completed. (0x12B)
[0901/232349.375:ERROR:process_memory_win.cc(73)] ReadMemory at 0x195ebb073c0 of 132 bytes failed: Only part of a ReadProcessMemory or WriteProcessMemory request was completed. (0x12B)
[0901/232349.375:ERROR:process_memory_win.cc(73)] ReadMemory at 0x195ebb076e0 of 132 bytes failed: Only part of a ReadProcessMemory or WriteProcessMemory request was completed. (0x12B)
[0901/232349.375:ERROR:process_memory_win.cc(73)] ReadMemory at 0x195ebb07900 of 132 bytes failed: Only part of a ReadProcessMemory or WriteProcessMemory request was completed. (0x12B)
[0901/232349.375:ERROR:process_memory_win.cc(73)] ReadMemory at 0x195ebb0b9c0 of 64 bytes failed: Only part of a ReadProcessMemory or WriteProcessMemory request was completed. (0x12B)
[0901/232349.375:ERROR:process_memory_win.cc(73)] ReadMemory at 0x195ebb0bb00 of 60 bytes failed: Only part of a ReadProcessMemory or WriteProcessMemory request was completed. (0x12B)
[0901/232349.375:ERROR:process_memory_win.cc(73)] ReadMemory at 0x195ebb0bba0 of 64 bytes failed: Only part of a ReadProcessMemory or WriteProcessMemory request was completed. (0x12B)
[0901/232349.375:ERROR:process_memory_win.cc(73)] ReadMemory at 0x195ebb0bbf0 of 62 bytes failed: Only part of a ReadProcessMemory or WriteProcessMemory request was completed. (0x12B)
[0901/232349.375:ERROR:process_memory_win.cc(73)] ReadMemory at 0x195ebb0bc40 of 62 bytes failed: Only part of a ReadProcessMemory or WriteProcessMemory request was completed. (0x12B)
[0901/232349.375:ERROR:process_memory_win.cc(73)] ReadMemory at 0x195ebb0bd30 of 66 bytes failed: Only part of a ReadProcessMemory or WriteProcessMemory request was completed. (0x12B)
[0901/232349.375:ERROR:process_memory_win.cc(73)] ReadMemory at 0x195ebb0bd80 of 62 bytes failed: Only part of a ReadProcessMemory or WriteProcessMemory request was completed. (0x12B)
[0901/232349.375:ERROR:process_memory_win.cc(73)] ReadMemory at 0x195ebb0bec0 of 64 bytes failed: Only part of a ReadProcessMemory or WriteProcessMemory request was completed. (0x12B)
[0901/232349.375:ERROR:process_memory_win.cc(73)] ReadMemory at 0x195ebb0bf10 of 64 bytes failed: Only part of a ReadProcessMemory or WriteProcessMemory request was completed. (0x12B)
[0901/232349.375:ERROR:process_memory_win.cc(73)] ReadMemory at 0x195ebb0bf60 of 64 bytes failed: Only part of a ReadProcessMemory or WriteProcessMemory request was completed. (0x12B)
[0901/232349.375:ERROR:process_memory_win.cc(73)] ReadMemory at 0x195ebb0c0a0 of 62 bytes failed: Only part of a ReadProcessMemory or WriteProcessMemory request was completed. (0x12B)
[0901/232349.375:ERROR:process_memory_win.cc(73)] ReadMemory at 0x195ebb0c140 of 60 bytes failed: Only part of a ReadProcessMemory or WriteProcessMemory request was completed. (0x12B)
[0901/232349.375:ERROR:process_memory_win.cc(73)] ReadMemory at 0x195ebb0c230 of 60 bytes failed: Only part of a ReadProcessMemory or WriteProcessMemory request was completed. (0x12B)
[0901/232349.375:ERROR:process_memory_win.cc(73)] ReadMemory at 0x195ebb0c280 of 58 bytes failed: Only part of a ReadProcessMemory or WriteProcessMemory request was completed. (0x12B)
[0901/232349.375:ERROR:process_memory_win.cc(73)] ReadMemory at 0x195ebb0c2d0 of 62 bytes failed: Only part of a ReadProcessMemory or WriteProcessMemory request was completed. (0x12B)
[0901/232349.375:ERROR:process_memory_win.cc(73)] ReadMemory at 0x195ebb0c370 of 60 bytes failed: Only part of a ReadProcessMemory or WriteProcessMemory request was completed. (0x12B)
[0901/232349.375:ERROR:process_memory_win.cc(73)] ReadMemory at 0x195ebb0c410 of 60 bytes failed: Only part of a ReadProcessMemory or WriteProcessMemory request was completed. (0x12B)
[0901/232349.375:ERROR:process_memory_win.cc(73)] ReadMemory at 0x195ebb0c500 of 62 bytes failed: Only part of a ReadProcessMemory or WriteProcessMemory request was completed. (0x12B)
[0901/232349.375:ERROR:process_memory_win.cc(73)] ReadMemory at 0x195ebb0c5a0 of 64 bytes failed: Only part of a ReadProcessMemory or WriteProcessMemory request was completed. (0x12B)
[0901/232349.375:ERROR:process_memory_win.cc(73)] ReadMemory at 0x195ebb0c5f0 of 62 bytes failed: Only part of a ReadProcessMemory or WriteProcessMemory request was completed. (0x12B)
[0901/232349.375:ERROR:process_memory_win.cc(73)] ReadMemory at 0x195ebb0c640 of 64 bytes failed: Only part of a ReadProcessMemory or WriteProcessMemory request was completed. (0x12B)
[0901/232349.375:ERROR:process_memory_win.cc(73)] ReadMemory at 0x195ebb0c690 of 62 bytes failed: Only part of a ReadProcessMemory or WriteProcessMemory request was completed. (0x12B)
[0901/232349.375:ERROR:process_memory_win.cc(73)] ReadMemory at 0x195ebb0c6e0 of 60 bytes failed: Only part of a ReadProcessMemory or WriteProcessMemory request was completed. (0x12B)
[0901/232349.379:ERROR:process_memory_win.cc(73)] ReadMemory at 0x195ebb0c730 of 62 bytes failed: Only part of a ReadProcessMemory or WriteProcessMemory request was completed. (0x12B)
[0901/232349.379:ERROR:process_memory_win.cc(73)] ReadMemory at 0x195ebb0c7d0 of 64 bytes failed: Only part of a ReadProcessMemory or WriteProcessMemory request was completed. (0x12B)
[0901/232349.379:ERROR:process_memory_win.cc(73)] ReadMemory at 0x195ebb0c870 of 66 bytes failed: Only part of a ReadProcessMemory or WriteProcessMemory request was completed. (0x12B)
[0901/232349.379:ERROR:process_memory_win.cc(73)] ReadMemory at 0x195ebb0c8e0 of 132 bytes failed: Only part of a ReadProcessMemory or WriteProcessMemory request was completed. (0x12B)
[0901/232349.379:ERROR:process_memory_win.cc(73)] ReadMemory at 0x195ebb0ec50 of 132 bytes failed: Only part of a ReadProcessMemory or WriteProcessMemory request was completed. (0x12B)
[0901/232349.379:ERROR:process_memory_win.cc(73)] ReadMemory at 0x195ebb0eff0 of 132 bytes failed: Only part of a ReadProcessMemory or WriteProcessMemory request was completed. (0x12B)
[0901/232349.379:ERROR:process_memory_win.cc(73)] ReadMemory at 0x195ebb0f120 of 132 bytes failed: Only part of a ReadProcessMemory or WriteProcessMemory request was completed. (0x12B)
[0901/232349.379:ERROR:process_memory_win.cc(73)] ReadMemory at 0x195ebb0f250 of 132 bytes failed: Only part of a ReadProcessMemory or WriteProcessMemory request was completed. (0x12B)
[0901/232349.379:ERROR:process_memory_win.cc(73)] ReadMemory at 0x195ebb0f380 of 132 bytes failed: Only part of a ReadProcessMemory or WriteProcessMemory request was completed. (0x12B)
[0901/232349.379:ERROR:process_memory_win.cc(73)] ReadMemory at 0x195ebb0f4b0 of 132 bytes failed: Only part of a ReadProcessMemory or WriteProcessMemory request was completed. (0x12B)
[0901/232349.379:ERROR:process_memory_win.cc(73)] ReadMemory at 0x195ebb0f5e0 of 132 bytes failed: Only part of a ReadProcessMemory or WriteProcessMemory request was completed. (0x12B)
[0901/232349.379:ERROR:process_memory_win.cc(73)] ReadMemory at 0x195ebb0f710 of 132 bytes failed: Only part of a ReadProcessMemory or WriteProcessMemory request was completed. (0x12B)
[0901/232349.379:ERROR:process_memory_win.cc(73)] ReadMemory at 0x195ebb0f840 of 132 bytes failed: Only part of a ReadProcessMemory or WriteProcessMemory request was completed. (0x12B)
[0901/232349.379:ERROR:process_memory_win.cc(73)] ReadMemory at 0x195ebb0f970 of 132 bytes failed: Only part of a ReadProcessMemory or WriteProcessMemory request was completed. (0x12B)
[0901/232349.379:ERROR:process_memory_win.cc(73)] ReadMemory at 0x195ebb0fbd0 of 132 bytes failed: Only part of a ReadProcessMemory or WriteProcessMemory request was completed. (0x12B)
[0901/232349.379:ERROR:process_memory_win.cc(73)] ReadMemory at 0x195ebb0fd00 of 132 bytes failed: Only part of a ReadProcessMemory or WriteProcessMemory request was completed. (0x12B)
[0901/232349.379:ERROR:process_memory_win.cc(73)] ReadMemory at 0x195ebb0fe30 of 132 bytes failed: Only part of a ReadProcessMemory or WriteProcessMemory request was completed. (0x12B)
[0901/232349.379:ERROR:process_memory_win.cc(73)] ReadMemory at 0x195ebb11ae0 of 76 bytes failed: Only part of a ReadProcessMemory or WriteProcessMemory request was completed. (0x12B)
[0901/232349.379:ERROR:process_memory_win.cc(73)] ReadMemory at 0x195ebb11b40 of 80 bytes failed: Only part of a ReadProcessMemory or WriteProcessMemory request was completed. (0x12B)
[0901/232349.379:ERROR:process_memory_win.cc(73)] ReadMemory at 0x195ebb11da0 of 132 bytes failed: Only part of a ReadProcessMemory or WriteProcessMemory request was completed. (0x12B)
[0901/232349.379:ERROR:process_memory_win.cc(73)] ReadMemory at 0x195ebb11ed0 of 132 bytes failed: Only part of a ReadProcessMemory or WriteProcessMemory request was completed. (0x12B)
[0901/232349.379:ERROR:process_memory_win.cc(73)] ReadMemory at 0x195ebb12000 of 132 bytes failed: Only part of a ReadProcessMemory or WriteProcessMemory request was completed. (0x12B)
[0901/232349.379:ERROR:process_memory_win.cc(73)] ReadMemory at 0x195ebb12130 of 132 bytes failed: Only part of a ReadProcessMemory or WriteProcessMemory request was completed. (0x12B)
[0901/232349.379:ERROR:process_memory_win.cc(73)] ReadMemory at 0x195ebb12260 of 132 bytes failed: Only part of a ReadProcessMemory or WriteProcessMemory request was completed. (0x12B)
[0901/232349.379:ERROR:process_memory_win.cc(73)] ReadMemory at 0x195ebb12390 of 132 bytes failed: Only part of a ReadProcessMemory or WriteProcessMemory request was completed. (0x12B)
[0901/232349.379:ERROR:process_memory_win.cc(73)] ReadMemory at 0x195ebb124c0 of 132 bytes failed: Only part of a ReadProcessMemory or WriteProcessMemory request was completed. (0x12B)
[0901/232349.379:ERROR:process_memory_win.cc(73)] ReadMemory at 0x195ebb125f0 of 132 bytes failed: Only part of a ReadProcessMemory or WriteProcessMemory request was completed. (0x12B)
[0901/232349.379:ERROR:process_memory_win.cc(73)] ReadMemory at 0x195ebb12ab0 of 132 bytes failed: Only part of a ReadProcessMemory or WriteProcessMemory request was completed. (0x12B)
[0901/232349.379:ERROR:process_memory_win.cc(73)] ReadMemory at 0x195ebb12be0 of 132 bytes failed: Only part of a ReadProcessMemory or WriteProcessMemory request was completed. (0x12B)
[0901/232349.379:ERROR:process_memory_win.cc(73)] ReadMemory at 0x195ebb12e40 of 132 bytes failed: Only part of a ReadProcessMemory or WriteProcessMemory request was completed. (0x12B)
[0901/232349.379:ERROR:process_memory_win.cc(73)] ReadMemory at 0x195ebb12f70 of 132 bytes failed: Only part of a ReadProcessMemory or WriteProcessMemory request was completed. (0x12B)
[0901/232349.379:ERROR:process_memory_win.cc(73)] ReadMemory at 0x195ebb130a0 of 132 bytes failed: Only part of a ReadProcessMemory or WriteProcessMemory request was completed. (0x12B)
[0901/232349.379:ERROR:process_memory_win.cc(73)] ReadMemory at 0x195ebb131d0 of 132 bytes failed: Only part of a ReadProcessMemory or WriteProcessMemory request was completed. (0x12B)
[0901/232349.379:ERROR:process_memory_win.cc(73)] ReadMemory at 0x195ebb13430 of 132 bytes failed: Only part of a ReadProcessMemory or WriteProcessMemory request was completed. (0x12B)
[0901/232349.379:ERROR:process_memory_win.cc(73)] ReadMemory at 0x195ebb13560 of 132 bytes failed: Only part of a ReadProcessMemory or WriteProcessMemory request was completed. (0x12B)
[0901/232349.379:ERROR:process_memory_win.cc(73)] ReadMemory at 0x195ebb13690 of 132 bytes failed: Only part of a ReadProcessMemory or WriteProcessMemory request was completed. (0x12B)
[0901/232349.379:ERROR:process_memory_win.cc(73)] ReadMemory at 0x195ebb137c0 of 132 bytes failed: Only part of a ReadProcessMemory or WriteProcessMemory request was completed. (0x12B)
[0901/232349.379:ERROR:process_memory_win.cc(73)] ReadMemory at 0x195ebb138f0 of 132 bytes failed: Only part of a ReadProcessMemory or WriteProcessMemory request was completed. (0x12B)
[0901/232349.379:ERROR:process_memory_win.cc(73)] ReadMemory at 0x195ebb13a20 of 132 bytes failed: Only part of a ReadProcessMemory or WriteProcessMemory request was completed. (0x12B)
[0901/232349.379:ERROR:process_memory_win.cc(73)] ReadMemory at 0x195ebb13b50 of 132 bytes failed: Only part of a ReadProcessMemory or WriteProcessMemory request was completed. (0x12B)
[0901/232349.379:ERROR:process_memory_win.cc(73)] ReadMemory at 0x195ebb369d0 of 62 bytes failed: Only part of a ReadProcessMemory or WriteProcessMemory request was completed. (0x12B)
[0901/232349.379:ERROR:process_memory_win.cc(73)] ReadMemory at 0x195ebb36a20 of 66 bytes failed: Only part of a ReadProcessMemory or WriteProcessMemory request was completed. (0x12B)
[0901/232349.379:ERROR:process_memory_win.cc(73)] ReadMemory at 0x195ebb36ac0 of 64 bytes failed: Only part of a ReadProcessMemory or WriteProcessMemory request was completed. (0x12B)
[0901/232349.379:ERROR:process_memory_win.cc(73)] ReadMemory at 0x195ebb36bb0 of 58 bytes failed: Only part of a ReadProcessMemory or WriteProcessMemory request was completed. (0x12B)
[0901/232349.379:ERROR:process_memory_win.cc(73)] ReadMemory at 0x195ebb36cf0 of 62 bytes failed: Only part of a ReadProcessMemory or WriteProcessMemory request was completed. (0x12B)
[0901/232349.379:ERROR:process_memory_win.cc(73)] ReadMemory at 0x195ebb36d90 of 62 bytes failed: Only part of a ReadProcessMemory or WriteProcessMemory request was completed. (0x12B)
[0901/232349.379:ERROR:process_memory_win.cc(73)] ReadMemory at 0x195ebb37100 of 58 bytes failed: Only part of a ReadProcessMemory or WriteProcessMemory request was completed. (0x12B)
[0901/232349.379:ERROR:process_memory_win.cc(73)] ReadMemory at 0x195ebb373d0 of 60 bytes failed: Only part of a ReadProcessMemory or WriteProcessMemory request was completed. (0x12B)
[0901/232349.379:ERROR:process_memory_win.cc(73)] ReadMemory at 0x195ebb37830 of 60 bytes failed: Only part of a ReadProcessMemory or WriteProcessMemory request was completed. (0x12B)
[0901/232349.379:ERROR:process_memory_win.cc(73)] ReadMemory at 0x195ebb378d0 of 58 bytes failed: Only part of a ReadProcessMemory or WriteProcessMemory request was completed. (0x12B)
[0901/232349.379:ERROR:process_memory_win.cc(73)] ReadMemory at 0x195ebb45d80 of 536 bytes failed: Only part of a ReadProcessMemory or WriteProcessMemory request was completed. (0x12B)
[0901/232349.379:ERROR:process_memory_win.cc(73)] ReadMemory at 0x195ebb53a10 of 78 bytes failed: Only part of a ReadProcessMemory or WriteProcessMemory request was completed. (0x12B)
[0901/232349.379:ERROR:process_memory_win.cc(73)] ReadMemory at 0x195ebb67c78 of 512 bytes failed: Only part of a ReadProcessMemory or WriteProcessMemory request was completed. (0x12B)
[0901/232349.379:ERROR:process_memory_win.cc(73)] ReadMemory at 0x195ebb74d00 of 512 bytes failed: Only part of a ReadProcessMemory or WriteProcessMemory request was completed. (0x12B)
[0901/232349.379:ERROR:process_memory_win.cc(73)] ReadMemory at 0x195ebb757a0 of 712 bytes failed: Only part of a ReadProcessMemory or WriteProcessMemory request was completed. (0x12B)
[0901/232349.379:ERROR:process_memory_win.cc(73)] ReadMemory at 0x195ebb7e320 of 512 bytes failed: Only part of a ReadProcessMemory or WriteProcessMemory request was completed. (0x12B)
[0901/232349.379:ERROR:process_memory_win.cc(73)] ReadMemory at 0x195ebbb2ec0 of 512 bytes failed: Only part of a ReadProcessMemory or WriteProcessMemory request was completed. (0x12B)
[0901/232349.379:ERROR:process_memory_win.cc(73)] ReadMemory at 0x195ebbc1c30 of 512 bytes failed: Only part of a ReadProcessMemory or WriteProcessMemory request was completed. (0x12B)
[0901/232349.379:ERROR:process_memory_win.cc(73)] ReadMemory at 0x195ebbcdb40 of 512 bytes failed: Only part of a ReadProcessMemory or WriteProcessMemory request was completed. (0x12B)
[0901/232349.383:ERROR:process_memory_win.cc(73)] ReadMemory at 0x195ed650000 of 384 bytes failed: Only part of a ReadProcessMemory or WriteProcessMemory request was completed. (0x12B)
[0901/232349.383:ERROR:process_memory_win.cc(73)] ReadMemory at 0x195ed6cfaa8 of 512 bytes failed: Only part of a ReadProcessMemory or WriteProcessMemory request was completed. (0x12B)
[0901/232349.383:ERROR:process_memory_win.cc(73)] ReadMemory at 0x195ed6f8020 of 512 bytes failed: Only part of a ReadProcessMemory or WriteProcessMemory request was completed. (0x12B)
[0901/232349.383:ERROR:process_memory_win.cc(73)] ReadMemory at 0x195ed9e03c0 of 512 bytes failed: Only part of a ReadProcessMemory or WriteProcessMemory request was completed. (0x12B)
[0901/232349.383:ERROR:process_memory_win.cc(73)] ReadMemory at 0x195ed9e0740 of 512 bytes failed: Only part of a ReadProcessMemory or WriteProcessMemory request was completed. (0x12B)
[0901/232349.383:ERROR:process_memory_win.cc(73)] ReadMemory at 0x195ed9fa5b0 of 512 bytes failed: Only part of a ReadProcessMemory or WriteProcessMemory request was completed. (0x12B)
[0901/232349.383:ERROR:process_memory_win.cc(73)] ReadMemory at 0x195eda02cb0 of 512 bytes failed: Only part of a ReadProcessMemory or WriteProcessMemory request was completed. (0x12B)
[0901/232349.383:ERROR:process_memory_win.cc(73)] ReadMemory at 0x195eda04450 of 512 bytes failed: Only part of a ReadProcessMemory or WriteProcessMemory request was completed. (0x12B)
[0901/232349.383:ERROR:process_memory_win.cc(73)] ReadMemory at 0x195eda72c50 of 512 bytes failed: Only part of a ReadProcessMemory or WriteProcessMemory request was completed. (0x12B)
[0901/232349.383:ERROR:process_memory_win.cc(73)] ReadMemory at 0x195f005d000 of 400 bytes failed: Only part of a ReadProcessMemory or WriteProcessMemory request was completed. (0x12B)
[0901/232349.383:ERROR:process_memory_win.cc(73)] ReadMemory at 0x195f0ab12f0 of 512 bytes failed: Only part of a ReadProcessMemory or WriteProcessMemory request was completed. (0x12B)
[0901/232349.383:ERROR:process_memory_win.cc(73)] ReadMemory at 0x195f0d71328 of 512 bytes failed: Only part of a ReadProcessMemory or WriteProcessMemory request was completed. (0x12B)
[0901/232349.383:ERROR:process_memory_win.cc(73)] ReadMemory at 0x195f0d84730 of 512 bytes failed: Only part of a ReadProcessMemory or WriteProcessMemory request was completed. (0x12B)
[0901/232349.383:ERROR:process_memory_win.cc(73)] ReadMemory at 0x500300000000 of 384 bytes failed: Only part of a ReadProcessMemory or WriteProcessMemory request was completed. (0x12B)
[0901/232349.383:ERROR:process_memory_win.cc(73)] ReadMemory at 0x5003084c7891 of 512 bytes failed: Only part of a ReadProcessMemory or WriteProcessMemory request was completed. (0x12B)
[0901/232349.383:ERROR:process_memory_win.cc(73)] ReadMemory at 0x7ffe0bbf0679 of 512 bytes failed: Only part of a ReadProcessMemory or WriteProcessMemory request was completed. (0x12B)
[0901/232349.383:ERROR:process_memory_win.cc(73)] ReadMemory at 0x7ffe0cb0974c of 512 bytes failed: Only part of a ReadProcessMemory or WriteProcessMemory request was completed. (0x12B)
[0901/232349.383:ERROR:process_memory_win.cc(73)] ReadMemory at 0x7ffe0cd6b019 of 512 bytes failed: Only part of a ReadProcessMemory or WriteProcessMemory request was completed. (0x12B)
[0901/232349.383:ERROR:process_memory_win.cc(73)] ReadMemory at 0x7ffe111a31a4 of 512 bytes failed: Only part of a ReadProcessMemory or WriteProcessMemory request was completed. (0x12B)
[0901/232349.383:ERROR:process_memory_win.cc(73)] ReadMemory at 0x7ffe1142a318 of 512 bytes failed: Only part of a ReadProcessMemory or WriteProcessMemory request was completed. (0x12B)
[0901/232349.383:ERROR:process_memory_win.cc(73)] ReadMemory at 0x7ffe5b61a699 of 512 bytes failed: Only part of a ReadProcessMemory or WriteProcessMemory request was completed. (0x12B)
[0901/232349.383:ERROR:process_memory_win.cc(73)] ReadMemory at 0x7ffe5b84c6d0 of 512 bytes failed: Only part of a ReadProcessMemory or WriteProcessMemory request was completed. (0x12B)
[0901/232349.383:ERROR:process_memory_win.cc(73)] ReadMemory at 0x7ffe5dbfc074 of 672 bytes failed: Only part of a ReadProcessMemory or WriteProcessMemory request was completed. (0x12B)
[0901/232349.383:ERROR:process_memory_win.cc(73)] ReadMemory at 0x7ffe5dbfc674 of 512 bytes failed: Only part of a ReadProcessMemory or WriteProcessMemory request was completed. (0x12B)
[0901/232349.383:ERROR:process_memory_win.cc(73)] ReadMemory at 0x7ffe5dbff924 of 608 bytes failed: Only part of a ReadProcessMemory or WriteProcessMemory request was completed. (0x12B)
[0901/232349.383:ERROR:process_memory_win.cc(73)] ReadMemory at 0x7ffe5dc8c428 of 18 bytes failed: Only part of a ReadProcessMemory or WriteProcessMemory request was completed. (0x12B)
[0901/232349.383:ERROR:process_memory_win.cc(73)] ReadMemory at 0x7ffe5dcbf4f8 of 40 bytes failed: Only part of a ReadProcessMemory or WriteProcessMemory request was completed. (0x12B)
[0901/232349.383:ERROR:process_memory_win.cc(73)] ReadMemory at 0x7ffe5dcbf978 of 48 bytes failed: Only part of a ReadProcessMemory or WriteProcessMemory request was completed. (0x12B)
[0901/232349.383:ERROR:process_memory_win.cc(73)] ReadMemory at 0x7ffe5dcc53c0 of 64 bytes failed: Only part of a ReadProcessMemory or WriteProcessMemory request was completed. (0x12B)
[0901/232349.383:ERROR:scoped_process_suspend.cc(40)] NtResumeProcess: An attempt was made to access an exiting process. (0xc000010a)
